2025/04/02 16:42:31 DFAST pipeline started. (version 1.3.6)
2025/04/02 16:42:31 Results will be generated into 'dfast_output'.
2025/04/02 16:42:31 Loading a genomic fasta file from spadesout/scaffolds.fasta
2025/04/02 16:42:31 Genome source information: organism=, strain=
2025/04/02 16:42:32 The query genome is treated as a draft genome with 66 sequences.
2025/04/02 16:42:32 Sequences are sorted by length (from longer to shorter).
2025/04/02 16:42:32 Sequences shorter than 200 will be eliminated.
2025/04/02 16:42:32 Sequences will be renamed as sequence01, sequence02...
2025/04/02 16:42:32 Locus_tag settings: locus_tag_prefix=LOCUS and step=10.
2025/04/02 16:42:32 Locus_tags are assigned separately to each feature type. e.g. CDS: LOCUS_000xx, rRNA: LOCUS_r000xx, tRNA: LOCUS_t000xx, tmRNA: LOCUS_tm000xx.
2025/04/02 16:42:32 Remove_Partial_Feature is enabled.
2025/04/02 16:42:32 Remove_Overlapping_Feature is enabled. Priority: ['assembly_gap', 'CRISPR', ('tmRNA', 'tRNA', 'rRNA'), 'CDS']
2025/04/02 16:42:32 Initializing structural annotation tools... 
2025/04/02 16:42:32 GAPannotator initialized. (Version 1.0)
2025/04/02 16:42:32 Setting GAPannotator options. {'len_cutoff': 5, 'linkage_evidence': 'paired-ends', 'gap_type': 'within scaffold'}
2025/04/02 16:42:32 Checking MetaGeneAnnotator... 
2025/04/02 16:42:32 MetaGeneAnnotator initialized. (Version 2008/08/19)
2025/04/02 16:42:32 Setting MetaGeneAnnotator options. {'cmd_options': '-s', 'transl_table': 11}
2025/04/02 16:42:32 Checking Aragorn version... 
2025/04/02 16:42:32 Aragorn initialized. (Version 1.2.41)
2025/04/02 16:42:32 Setting Aragorn options. {'gcode': '-gcbact', 'cmd_options': '-l', 'transl_table': 11}
2025/04/02 16:42:32 Checking Barrnap version... 
2025/04/02 16:42:32 Barrnap initialized. (Version 0.9)
2025/04/02 16:42:32 Checking CRT version... 
2025/04/02 16:42:32 CRT initialized. (Version 1.2)
2025/04/02 16:42:32 Setting CRT options. {'jar_file': '/Users/lillyazevedo/miniconda3/envs/genomeanalysis/opt/dfast-1.3.6/bin/common/CRT1.2-CLI.jar', 'java_options': '', 'cmd_options': ''}
2025/04/02 16:42:32 Checking Java version... 
2025/04/02 16:42:35 Java initialized. (Version 23.0.2)
2025/04/02 16:42:35 Initializing contig annotation tools... 
2025/04/02 16:42:35 Initializing annotation components... 
2025/04/02 16:42:35 DBsearch initialized.
2025/04/02 16:42:35 Setting DBsearch options. {'skipAnnotatedFeatures': True, 'evalue_cutoff': 1e-06, 'qcov_cutoff': 75, 'scov_cutoff': 75, 'pident_cutoff': 0, 'aligner': 'ghostx', 'aligner_options': {}, 'database': '/Users/lillyazevedo/miniconda3/envs/genomeanalysis/opt/dfast-1.3.6/db/protein/DFAST-default.ref', 'db_name': ''}
2025/04/02 16:42:35 Checking GHOSTX version... 
2025/04/02 16:42:35 GHOSTX initialized. (Version 1.3.6)
2025/04/02 16:42:36 Reference DB loaded. 381721 sequences. [version=1.2.1, dbname=DFAST-default, contributor=yt,ddbj, modified=20240214]
2025/04/02 16:42:36 PseudoGeneDetection initialized.
2025/04/02 16:42:36 Setting PseudoGeneDetection options. {'cpu': 1, 'skipAnnotatedFeatures': False, 'extension': 300, 'scov_cutoff': 85, 'transl_table': 11}
2025/04/02 16:42:36 Checking lastdb version... 
2025/04/02 16:42:36 lastdb initialized. (Version 959)
2025/04/02 16:42:36 Setting lastdb options. {'cpu': 1, 'skipAnnotatedFeatures': False, 'extension': 300, 'scov_cutoff': 85, 'transl_table': 11}
2025/04/02 16:42:36 Checking lastal version... 
2025/04/02 16:42:36 lastal initialized. (Version 959)
2025/04/02 16:42:36 Setting lastal options. {'cpu': 1, 'skipAnnotatedFeatures': False, 'extension': 300, 'scov_cutoff': 85, 'transl_table': 11}
2025/04/02 16:42:36 Checking Blastp version... 
2025/04/02 16:42:39 Blastp initialized. (Version 2.16.0)
2025/04/02 16:42:39 HMMscan initialized.
2025/04/02 16:42:39 Setting HMMscan options. {'skipAnnotatedFeatures': True, 'evalue_cutoff': 1e-06, 'database': '/Users/lillyazevedo/miniconda3/envs/genomeanalysis/opt/dfast-1.3.6/db/hmm/TIGRFAMs_15.0_HMM.LIB', 'db_name': 'TIGR', 'cmd_options': ''}
2025/04/02 16:42:39 Checking hmmscan version... 
2025/04/02 16:42:39 hmmscan initialized. (Version 3.4)
2025/04/02 16:42:39 Setting hmmscan options. {'skipAnnotatedFeatures': True, 'evalue_cutoff': 1e-06, 'database': '/Users/lillyazevedo/miniconda3/envs/genomeanalysis/opt/dfast-1.3.6/db/hmm/TIGRFAMs_15.0_HMM.LIB', 'db_name': 'TIGR', 'cmd_options': ''}
2025/04/02 16:42:39 CDDsearch initialized.
2025/04/02 16:42:39 Setting CDDsearch options. {'skipAnnotatedFeatures': False, 'evalue_cutoff': 1e-06, 'database': '/Users/lillyazevedo/miniconda3/envs/genomeanalysis/opt/dfast-1.3.6/db/cdd/Cog', 'rpsbproc_data': '/Users/lillyazevedo/miniconda3/envs/genomeanalysis/opt/dfast-1.3.6/bin/common/rpsbproc_data'}
2025/04/02 16:42:39 Checking RPSblast version... 
2025/04/02 16:42:42 RPSblast initialized. (Version 2.16.0)
2025/04/02 16:42:42 Setting RPSblast options. {'skipAnnotatedFeatures': False, 'evalue_cutoff': 1e-06, 'database': '/Users/lillyazevedo/miniconda3/envs/genomeanalysis/opt/dfast-1.3.6/db/cdd/Cog', 'rpsbproc_data': '/Users/lillyazevedo/miniconda3/envs/genomeanalysis/opt/dfast-1.3.6/bin/common/rpsbproc_data'}
2025/04/02 16:42:42 Checking rpsbproc version... 
2025/04/02 16:42:42 rpsbproc initialized. (Version 0.1)
2025/04/02 16:42:42 Setting rpsbproc options. {'skipAnnotatedFeatures': False, 'evalue_cutoff': 1e-06, 'database': '/Users/lillyazevedo/miniconda3/envs/genomeanalysis/opt/dfast-1.3.6/db/cdd/Cog', 'rpsbproc_data': '/Users/lillyazevedo/miniconda3/envs/genomeanalysis/opt/dfast-1.3.6/bin/common/rpsbproc_data'}
2025/04/02 16:42:42 Start structural annotation process using 4 CPUs
2025/04/02 16:42:46 0 assembly_gap features were detected by GAPannotator.
2025/04/02 16:42:47 5151 CDS features were detected by MetaGeneAnnotator.
2025/04/02 16:42:47 Skipped an ambiguous 'tRNA-???'' at sequence01:319129..319207(1).
2025/04/02 16:42:47 95 tRNA features were detected by Aragorn.
2025/04/02 16:42:47 9 rRNA features were detected by Barrnap.
2025/04/02 16:42:47 0 CRISPR (later will be replaced by repeat_region) features were detected by CRT.
2025/04/02 16:42:47 Removed 11 overlapping features.
2025/04/02 16:42:47 Start executing functional annotation components.
2025/04/02 16:42:47 DBsearch will be performed using 4 CPUs.
2025/04/02 16:43:25 DBsearch done 2/4.
2025/04/02 16:43:26 DBsearch done 3/4.
2025/04/02 16:43:27 DBsearch done 4/4.
2025/04/02 16:43:28 DBsearch done 1/4.
2025/04/02 16:43:28 Last format DB will be performed using 1 CPUs.
2025/04/02 16:43:28 Last format DB done 1/1.
2025/04/02 16:43:28 Last alignment will be performed using 1 CPUs.
2025/04/02 16:43:30 Last alignment done 1/1.
2025/04/02 16:43:30 2 CDS features were marked as possible pseudo due to internal stop codons.
2025/04/02 16:43:30 13 CDS features were marked as possible pseudo due to frameshift.
2025/04/02 16:43:30 Internal stop codons in the following 1 CDSs are translated to selenosysteine/pyrrolysine, which will be annotated with 'transl_except'. ['MGA_4679']
2025/04/02 16:43:30 Removed 1 CDSs. ['MGA_4680']
2025/04/02 16:43:32 HMMscan will be performed using 4 CPUs.
2025/04/02 16:43:52 HMMscan done 3/4.
2025/04/02 16:43:52 HMMscan done 2/4.
2025/04/02 16:43:52 HMMscan done 1/4.
2025/04/02 16:43:53 HMMscan done 4/4.
2025/04/02 16:43:53 Collecting HMMscan results.
2025/04/02 16:43:53 RPSblast will be performed using 4 CPUs.
2025/04/02 16:45:02 RPSblast done 2/4.
2025/04/02 16:45:03 RPSblast done 3/4.
2025/04/02 16:45:03 RPSblast done 4/4.
2025/04/02 16:45:03 RPSblast done 1/4.
2025/04/02 16:45:03 rpsbproc will be performed using 4 CPUs.
2025/04/02 16:45:05 rpsbproc done 4/4.
2025/04/02 16:45:05 rpsbproc done 2/4.
2025/04/02 16:45:05 rpsbproc done 3/4.
2025/04/02 16:45:05 rpsbproc done 1/4.
2025/04/02 16:45:05 Start contig annotation process using 4 CPUs
2025/04/02 16:45:05 Partial CDS predicted at sequence01:[1435645:>1436232](-) will be annotated as misc_feature
2025/04/02 16:45:05 Partial CDS predicted at sequence04:[564986:>565504](-) will be annotated as misc_feature
2025/04/02 16:45:05 Partial CDS predicted at sequence05:[376493:>378421](-) will be annotated as misc_feature
2025/04/02 16:45:05 Partial CDS predicted at sequence12:[<0:844](+) will be annotated as misc_feature
2025/04/02 16:45:05 Partial CDS predicted at sequence17:[<0:1928](+) will be annotated as misc_feature
2025/04/02 16:45:05 Partial CDS predicted at sequence24:[437:>1778](-) will be annotated as misc_feature
2025/04/02 16:45:05 Partial CDS predicted at sequence25:[529:>1458](-) will be annotated as misc_feature
2025/04/02 16:45:05 Removed 57 partial features.
2025/04/02 16:45:05 Assigning locus_tags to CDS, rRNA, tRNA, tmRNA
2025/04/02 16:45:06 Setting output verbosity level to 3.
2025/04/02 16:45:06 Writing a genome fasta file to dfast_output/genome.fna
2025/04/02 16:45:06 Writing a CDS fasta file to dfast_output/cds.fna
2025/04/02 16:45:06 Writing a protein fasta file to dfast_output/protein.faa
2025/04/02 16:45:06 Writing an RNA fasta file to dfast_output/rna.fna
2025/04/02 16:45:06 Writing a GFF file to dfast_output/genome.gff
2025/04/02 16:45:06 Writing a GenBank format file to dfast_output/genome.gbk
2025/04/02 16:45:06 Writing an EMBL format file to dfast_output/genome.embl
2025/04/02 16:45:07 Writing a DDBJ annotation file to dfast_output/ddbj/mss.ann
2025/04/02 16:45:07 Writing a DDBJ sequence file to dfast_output/ddbj/mss.fasta
2025/04/02 16:45:07 [Experimental] DFAST Record JSON will not be generated. Please install dr_tools and use Python>=3.10.
2025/04/02 16:45:07 DFAST pipeline completed!
2025/04/02 16:45:07 Total running time: 0h2m37s
